[0.010s] Invoking command in '/home/konstantin/ros2_ws/build/dynamixel_sdk': CMAKE_PREFIX_PATH=${CMAKE_PREFIX_PATH}:/home/konstantin/ros2_ws/install/my_robot_controller:/opt/ros/humble /usr/bin/cmake /home/konstantin/ros2_ws/src/DynamixelSDK/ros/dynamixel_sdk -DAMENT_CMAKE_SYMLINK_INSTALL=1 -DCMAKE_INSTALL_PREFIX=/home/konstantin/ros2_ws/install/dynamixel_sdk
[0.021s] -- Found ament_cmake: 1.3.11 (/opt/ros/humble/share/ament_cmake/cmake)
[0.104s] -- Override CMake install command with custom implementation using symlinks instead of copying resources
[0.198s] -- Configuring done
[0.204s] -- Generating done
[0.206s] -- Build files have been written to: /home/konstantin/ros2_ws/build/dynamixel_sdk
[0.208s] Invoked command in '/home/konstantin/ros2_ws/build/dynamixel_sdk' returned '0': CMAKE_PREFIX_PATH=${CMAKE_PREFIX_PATH}:/home/konstantin/ros2_ws/install/my_robot_controller:/opt/ros/humble /usr/bin/cmake /home/konstantin/ros2_ws/src/DynamixelSDK/ros/dynamixel_sdk -DAMENT_CMAKE_SYMLINK_INSTALL=1 -DCMAKE_INSTALL_PREFIX=/home/konstantin/ros2_ws/install/dynamixel_sdk
[0.210s] Invoking command in '/home/konstantin/ros2_ws/build/dynamixel_sdk': CMAKE_PREFIX_PATH=${CMAKE_PREFIX_PATH}:/home/konstantin/ros2_ws/install/my_robot_controller:/opt/ros/humble /usr/bin/cmake --build /home/konstantin/ros2_ws/build/dynamixel_sdk -- -j8 -l8
[0.243s] [35m[1mConsolidate compiler generated dependencies of target dynamixel_sdk[0m
[0.252s] failed to create symbolic link '/home/konstantin/ros2_ws/build/dynamixel_sdk/ament_cmake_python/dynamixel_sdk/dynamixel_sdk' because existing path cannot be removed: Is a directory
[0.253s] gmake[2]: *** [CMakeFiles/ament_cmake_python_symlink_dynamixel_sdk.dir/build.make:70: CMakeFiles/ament_cmake_python_symlink_dynamixel_sdk] Error 1
[0.253s] gmake[1]: *** [CMakeFiles/Makefile2:166: CMakeFiles/ament_cmake_python_symlink_dynamixel_sdk.dir/all] Error 2
[0.253s] gmake[1]: *** Waiting for unfinished jobs....
[0.254s] [100%] Built target dynamixel_sdk
[0.254s] gmake: *** [Makefile:146: all] Error 2
[0.256s] Invoked command in '/home/konstantin/ros2_ws/build/dynamixel_sdk' returned '2': CMAKE_PREFIX_PATH=${CMAKE_PREFIX_PATH}:/home/konstantin/ros2_ws/install/my_robot_controller:/opt/ros/humble /usr/bin/cmake --build /home/konstantin/ros2_ws/build/dynamixel_sdk -- -j8 -l8
