[0.011s] Invoking command in '/home/konstantin/autolab/ros2_ws/build/dynamixel_sdk': CMAKE_PREFIX_PATH=/home/konstantin/ros2_ws/install/my_robot_controller:/opt/ros/humble /usr/bin/cmake --build /home/konstantin/autolab/ros2_ws/build/dynamixel_sdk -- -j8 -l8
[0.016s] [0mCMake Error: The current CMakeCache.txt directory /home/konstantin/autolab/ros2_ws/build/dynamixel_sdk/CMakeCache.txt is different than the directory /home/konstantin/ros2_ws/build/dynamixel_sdk where CMakeCache.txt was created. This may result in binaries being created in the wrong place. If you are not sure, reedit the CMakeCache.txt[0m
[0.032s] /bin/sh: 1: cd: can't cd to /home/konstantin/ros2_ws/build/dynamixel_sdk
[0.032s] gmake[2]: *** [CMakeFiles/ament_cmake_python_symlink_dynamixel_sdk.dir/build.make:85: CMakeFiles/ament_cmake_python_symlink_dynamixel_sdk.dir/depend] Error 2
[0.033s] gmake[1]: *** [CMakeFiles/Makefile2:165: CMakeFiles/ament_cmake_python_symlink_dynamixel_sdk.dir/all] Error 2
[0.033s] gmake[1]: *** Waiting for unfinished jobs....
[0.034s] /bin/sh: 1: cd: can't cd to /home/konstantin/ros2_ws/build/dynamixel_sdk
[0.034s] gmake[2]: *** [CMakeFiles/dynamixel_sdk.dir/build.make:284: CMakeFiles/dynamixel_sdk.dir/depend] Error 2
[0.034s] gmake[1]: *** [CMakeFiles/Makefile2:139: CMakeFiles/dynamixel_sdk.dir/all] Error 2
[0.034s] gmake: *** [Makefile:146: all] Error 2
[0.155s] Invoked command in '/home/konstantin/autolab/ros2_ws/build/dynamixel_sdk' returned '2': CMAKE_PREFIX_PATH=/home/konstantin/ros2_ws/install/my_robot_controller:/opt/ros/humble /usr/bin/cmake --build /home/konstantin/autolab/ros2_ws/build/dynamixel_sdk -- -j8 -l8
